

Started GET "/" for 127.0.0.1 at 2015-07-06 21:57:08 -0500
Processing by MoviesController#index as HTML
  Rendered movies/index.html.erb within layouts/application (2.5ms)
Completed 200 OK in 1149ms (Views: 1140.0ms | ActiveRecord: 0.0ms)


Started GET "/movies/details?id=1" for 127.0.0.1 at 2015-07-06 21:57:12 -0500
Processing by MoviesController#show as HTML
  Parameters: {"id"=>"1"}
  Rendered movies/show.html.erb within layouts/application (0.7ms)
Completed 200 OK in 742ms (Views: 22.1ms | ActiveRecord: 0.0ms)


Started GET "/movies/details?id=1" for 127.0.0.1 at 2015-07-06 21:58:39 -0500
Processing by MoviesController#show as HTML
  Parameters: {"id"=>"1"}
  Rendered movies/show.html.erb within layouts/application (0.8ms)
Completed 200 OK in 132ms (Views: 22.9ms | ActiveRecord: 0.0ms)


Started GET "/" for 127.0.0.1 at 2015-07-06 21:58:41 -0500
Processing by MoviesController#index as HTML
  Rendered movies/index.html.erb within layouts/application (1.2ms)
Completed 200 OK in 49ms (Views: 48.9ms | ActiveRecord: 0.0ms)


Started GET "/" for 127.0.0.1 at 2015-07-06 21:59:07 -0500
Processing by MoviesController#index as HTML
  Rendered movies/index.html.erb within layouts/application (0.3ms)
Completed 200 OK in 33ms (Views: 33.0ms | ActiveRecord: 0.0ms)


Started GET "/movies/details?id=1" for 127.0.0.1 at 2015-07-06 21:59:09 -0500
Processing by MoviesController#show as HTML
  Parameters: {"id"=>"1"}
  Rendered movies/show.html.erb within layouts/application (0.8ms)
Completed 200 OK in 168ms (Views: 30.5ms | ActiveRecord: 0.0ms)


Started GET "/movies/details?id=1" for 127.0.0.1 at 2015-07-06 21:59:33 -0500
Processing by MoviesController#show as HTML
  Parameters: {"id"=>"1"}
  Rendered movies/show.html.erb within layouts/application (0.8ms)
Completed 200 OK in 190ms (Views: 34.5ms | ActiveRecord: 0.0ms)


Started GET "/" for 127.0.0.1 at 2015-07-06 21:59:34 -0500
Processing by MoviesController#index as HTML
  Rendered movies/index.html.erb within layouts/application (0.2ms)
Completed 200 OK in 27ms (Views: 26.3ms | ActiveRecord: 0.0ms)


Started GET "/" for 127.0.0.1 at 2015-07-06 22:00:49 -0500
Processing by MoviesController#index as HTML
  Rendered movies/index.html.erb within layouts/application (0.2ms)
Completed 200 OK in 35ms (Views: 34.2ms | ActiveRecord: 0.0ms)


Started GET "/" for 127.0.0.1 at 2015-07-06 22:01:13 -0500
Processing by MoviesController#index as HTML
  Rendered movies/index.html.erb within layouts/application (0.2ms)
Completed 200 OK in 32ms (Views: 31.8ms | ActiveRecord: 0.0ms)


Started GET "/" for 127.0.0.1 at 2015-07-06 22:01:36 -0500
Processing by MoviesController#index as HTML
  Rendered movies/index.html.erb within layouts/application (0.4ms)
Completed 200 OK in 36ms (Views: 35.5ms | ActiveRecord: 0.0ms)


Started GET "/" for 127.0.0.1 at 2015-07-06 22:01:46 -0500
Processing by MoviesController#index as HTML
  Rendered movies/index.html.erb within layouts/application (0.2ms)
Completed 200 OK in 31ms (Views: 30.1ms | ActiveRecord: 0.0ms)


Started GET "/" for 127.0.0.1 at 2015-07-06 22:02:04 -0500
Processing by MoviesController#index as HTML
  Rendered movies/index.html.erb within layouts/application (0.2ms)
Completed 200 OK in 41ms (Views: 40.7ms | ActiveRecord: 0.0ms)


Started GET "/movies/details?id=1" for 127.0.0.1 at 2015-07-06 22:02:08 -0500
Processing by MoviesController#show as HTML
  Parameters: {"id"=>"1"}
  Rendered movies/show.html.erb within layouts/application (0.2ms)
Completed 200 OK in 590ms (Views: 27.0ms | ActiveRecord: 0.0ms)


Started GET "/movies/details?id=1" for 127.0.0.1 at 2015-07-06 22:02:26 -0500
Processing by MoviesController#show as HTML
  Parameters: {"id"=>"1"}
  Rendered movies/show.html.erb within layouts/application (0.2ms)
Completed 200 OK in 210ms (Views: 30.7ms | ActiveRecord: 0.0ms)


Started GET "/" for 127.0.0.1 at 2015-07-06 22:02:31 -0500
Processing by MoviesController#index as HTML
  Rendered movies/index.html.erb within layouts/application (0.2ms)
Completed 200 OK in 27ms (Views: 26.4ms | ActiveRecord: 0.0ms)


Started GET "/movies/details?id=1" for 127.0.0.1 at 2015-07-06 22:05:08 -0500
Processing by MoviesController#show as HTML
  Parameters: {"id"=>"1"}
  Rendered movies/show.html.erb within layouts/application (0.2ms)
Completed 200 OK in 151ms (Views: 24.2ms | ActiveRecord: 0.0ms)


Started GET "/" for 127.0.0.1 at 2015-07-06 22:21:30 -0500
Processing by MoviesController#index as HTML
  Rendered movies/index.html.erb within layouts/application (0.3ms)
Completed 200 OK in 24ms (Views: 23.8ms | ActiveRecord: 0.0ms)


Started GET "/movies/details?id=1" for 127.0.0.1 at 2015-07-06 22:21:32 -0500
Processing by MoviesController#show as HTML
  Parameters: {"id"=>"1"}
  Rendered movies/show.html.erb within layouts/application (3.5ms)
Completed 500 Internal Server Error in 5ms

ActionView::Template::Error (undefined method `rated' for #<Hash:0x007fd543092fc0>):
    1: <h2><%= @movie[:title] %></h2>
    2: 
    3: <p>
    4:   <span class="rating">Rated <%= @movie.rated %></span>
    5:   <%= @movie.runtime %>
    6: </p>
    7: 
  app/views/movies/show.html.erb:4:in `_app_views_movies_show_html_erb___2382786087879486155_70276964713500'


  Rendered /Users/jcohen/.rbenv/versions/2.1.5/lib/ruby/gems/2.1.0/gems/actionpack-4.1.8/lib/action_dispatch/middleware/templates/rescues/_trace.html.erb (1.7ms)
  Rendered /Users/jcohen/.rbenv/versions/2.1.5/lib/ruby/gems/2.1.0/gems/actionpack-4.1.8/lib/action_dispatch/middleware/templates/rescues/_request_and_response.html.erb (1.0ms)
  Rendered /Users/jcohen/.rbenv/versions/2.1.5/lib/ruby/gems/2.1.0/gems/actionpack-4.1.8/lib/action_dispatch/middleware/templates/rescues/template_error.html.erb within rescues/layout (13.8ms)


Started GET "/movies/details?id=1" for 127.0.0.1 at 2015-07-06 22:21:32 -0500
Processing by MoviesController#show as HTML
  Parameters: {"id"=>"1"}
  Rendered movies/show.html.erb within layouts/application (0.8ms)
Completed 500 Internal Server Error in 3ms

ActionView::Template::Error (undefined method `rated' for #<Hash:0x007fd5449d1ec8>):
    1: <h2><%= @movie[:title] %></h2>
    2: 
    3: <p>
    4:   <span class="rating">Rated <%= @movie.rated %></span>
    5:   <%= @movie.runtime %>
    6: </p>
    7: 
  app/views/movies/show.html.erb:4:in `_app_views_movies_show_html_erb___2382786087879486155_70276977939400'


  Rendered /Users/jcohen/.rbenv/versions/2.1.5/lib/ruby/gems/2.1.0/gems/actionpack-4.1.8/lib/action_dispatch/middleware/templates/rescues/_trace.html.erb (0.9ms)
  Rendered /Users/jcohen/.rbenv/versions/2.1.5/lib/ruby/gems/2.1.0/gems/actionpack-4.1.8/lib/action_dispatch/middleware/templates/rescues/_request_and_response.html.erb (0.7ms)
  Rendered /Users/jcohen/.rbenv/versions/2.1.5/lib/ruby/gems/2.1.0/gems/actionpack-4.1.8/lib/action_dispatch/middleware/templates/rescues/template_error.html.erb within rescues/layout (8.8ms)


Started GET "/movies/details?id=1" for 127.0.0.1 at 2015-07-06 22:26:55 -0500
Processing by MoviesController#show as HTML
  Parameters: {"id"=>"1"}
  Rendered movies/show.html.erb within layouts/application (0.6ms)
Completed 500 Internal Server Error in 3ms

ActionView::Template::Error (undefined method `[]' for #<Movie:0x007fd546a8f6b0>):
    1: <h2><%= @movie[:title] %></h2>
    2: 
    3: <p>
    4:   <span class="rating">Rated <%= @movie.rated %></span>
  app/views/movies/show.html.erb:1:in `_app_views_movies_show_html_erb___2382786087879486155_70276977939400'


  Rendered /Users/jcohen/.rbenv/versions/2.1.5/lib/ruby/gems/2.1.0/gems/actionpack-4.1.8/lib/action_dispatch/middleware/templates/rescues/_trace.html.erb (1.0ms)
  Rendered /Users/jcohen/.rbenv/versions/2.1.5/lib/ruby/gems/2.1.0/gems/actionpack-4.1.8/lib/action_dispatch/middleware/templates/rescues/_request_and_response.html.erb (0.8ms)
  Rendered /Users/jcohen/.rbenv/versions/2.1.5/lib/ruby/gems/2.1.0/gems/actionpack-4.1.8/lib/action_dispatch/middleware/templates/rescues/template_error.html.erb within rescues/layout (9.4ms)


Started GET "/movies/details?id=1" for 127.0.0.1 at 2015-07-06 22:27:06 -0500
Processing by MoviesController#show as HTML
  Parameters: {"id"=>"1"}
  Rendered movies/show.html.erb within layouts/application (1.0ms)
Completed 500 Internal Server Error in 3ms

ActionView::Template::Error (undefined method `director' for #<Movie:0x007fd541e6db60>):
     7: 
     8: <%= image_tag @movie.poster_url %>
     9: 
    10: <h4>Directed by: <%= @movie.director %></h4>
    11: 
    12: <p><%= @movie.plot %></p>
  app/views/movies/show.html.erb:10:in `_app_views_movies_show_html_erb___2382786087879486155_70276955192020'


  Rendered /Users/jcohen/.rbenv/versions/2.1.5/lib/ruby/gems/2.1.0/gems/actionpack-4.1.8/lib/action_dispatch/middleware/templates/rescues/_trace.html.erb (1.0ms)
  Rendered /Users/jcohen/.rbenv/versions/2.1.5/lib/ruby/gems/2.1.0/gems/actionpack-4.1.8/lib/action_dispatch/middleware/templates/rescues/_request_and_response.html.erb (1.4ms)
  Rendered /Users/jcohen/.rbenv/versions/2.1.5/lib/ruby/gems/2.1.0/gems/actionpack-4.1.8/lib/action_dispatch/middleware/templates/rescues/template_error.html.erb within rescues/layout (10.5ms)


Started GET "/movies/details?id=1" for 127.0.0.1 at 2015-07-06 22:27:13 -0500
Processing by MoviesController#show as HTML
  Parameters: {"id"=>"1"}
  Rendered movies/show.html.erb within layouts/application (1.1ms)
Completed 500 Internal Server Error in 3ms

ActionView::Template::Error (undefined method `plot' for #<Movie:0x007fd5468402d8>):
     9: 
    10: <h4>Directed by: <%= @movie.director_name %></h4>
    11: 
    12: <p><%= @movie.plot %></p>
  app/views/movies/show.html.erb:12:in `_app_views_movies_show_html_erb___2382786087879486155_70276993895940'


  Rendered /Users/jcohen/.rbenv/versions/2.1.5/lib/ruby/gems/2.1.0/gems/actionpack-4.1.8/lib/action_dispatch/middleware/templates/rescues/_trace.html.erb (1.0ms)
  Rendered /Users/jcohen/.rbenv/versions/2.1.5/lib/ruby/gems/2.1.0/gems/actionpack-4.1.8/lib/action_dispatch/middleware/templates/rescues/_request_and_response.html.erb (1.2ms)
  Rendered /Users/jcohen/.rbenv/versions/2.1.5/lib/ruby/gems/2.1.0/gems/actionpack-4.1.8/lib/action_dispatch/middleware/templates/rescues/template_error.html.erb within rescues/layout (9.7ms)


Started GET "/movies/details?id=1" for 127.0.0.1 at 2015-07-06 22:27:36 -0500
Processing by MoviesController#show as HTML
  Parameters: {"id"=>"1"}
  Rendered movies/show.html.erb within layouts/application (0.1ms)
Completed 200 OK in 28ms (Views: 25.2ms | ActiveRecord: 0.0ms)


Started GET "/movies/details?id=1" for 127.0.0.1 at 2015-07-06 22:27:53 -0500
Processing by MoviesController#show as HTML
  Parameters: {"id"=>"1"}
Completed 500 Internal Server Error in 1ms

NoMethodError (undefined method `retrieve_details' for #<Movie:0x007fd544968dd8>):
  app/controllers/movies_controller.rb:10:in `show'


  Rendered /Users/jcohen/.rbenv/versions/2.1.5/lib/ruby/gems/2.1.0/gems/actionpack-4.1.8/lib/action_dispatch/middleware/templates/rescues/_source.erb (0.6ms)
  Rendered /Users/jcohen/.rbenv/versions/2.1.5/lib/ruby/gems/2.1.0/gems/actionpack-4.1.8/lib/action_dispatch/middleware/templates/rescues/_trace.html.erb (0.9ms)
  Rendered /Users/jcohen/.rbenv/versions/2.1.5/lib/ruby/gems/2.1.0/gems/actionpack-4.1.8/lib/action_dispatch/middleware/templates/rescues/_request_and_response.html.erb (0.8ms)
  Rendered /Users/jcohen/.rbenv/versions/2.1.5/lib/ruby/gems/2.1.0/gems/actionpack-4.1.8/lib/action_dispatch/middleware/templates/rescues/diagnostics.erb within rescues/layout (13.8ms)


Started GET "/movies/details?id=1" for 127.0.0.1 at 2015-07-06 22:28:15 -0500
Processing by MoviesController#show as HTML
  Parameters: {"id"=>"1"}
Completed 500 Internal Server Error in 2ms

NoMethodError (undefined method `[]' for nil:NilClass):
  app/models/movie.rb:14:in `download_details'
  app/controllers/movies_controller.rb:10:in `show'


  Rendered /Users/jcohen/.rbenv/versions/2.1.5/lib/ruby/gems/2.1.0/gems/actionpack-4.1.8/lib/action_dispatch/middleware/templates/rescues/_source.erb (0.6ms)
  Rendered /Users/jcohen/.rbenv/versions/2.1.5/lib/ruby/gems/2.1.0/gems/actionpack-4.1.8/lib/action_dispatch/middleware/templates/rescues/_trace.html.erb (1.1ms)
  Rendered /Users/jcohen/.rbenv/versions/2.1.5/lib/ruby/gems/2.1.0/gems/actionpack-4.1.8/lib/action_dispatch/middleware/templates/rescues/_request_and_response.html.erb (0.9ms)
  Rendered /Users/jcohen/.rbenv/versions/2.1.5/lib/ruby/gems/2.1.0/gems/actionpack-4.1.8/lib/action_dispatch/middleware/templates/rescues/diagnostics.erb within rescues/layout (13.5ms)


Started GET "/movies/details?id=1" for 127.0.0.1 at 2015-07-06 22:28:34 -0500
Processing by MoviesController#show as HTML
  Parameters: {"id"=>"1"}
  Rendered movies/show.html.erb within layouts/application (0.3ms)
Completed 200 OK in 235ms (Views: 25.9ms | ActiveRecord: 0.0ms)


Started GET "/" for 127.0.0.1 at 2015-07-06 22:28:56 -0500
Processing by MoviesController#index as HTML
  Rendered movies/index.html.erb within layouts/application (0.6ms)
Completed 500 Internal Server Error in 2ms

ActionView::Template::Error (undefined method `[]' for #<Movie:0x007fd544e4eb40>):
    2: 
    3:   <% @movies.each do |movie| %>
    4:     <li>
    5:       <%= link_to movie[:title], "/movies/details?id=#{movie[:id]}" %>
    6:       (<%= movie[:year] %>)
    7:     </li>
    8:   <% end %>
  app/views/movies/index.html.erb:5:in `block in _app_views_movies_index_html_erb__2556583795906860086_70276955220300'
  app/views/movies/index.html.erb:3:in `each'
  app/views/movies/index.html.erb:3:in `_app_views_movies_index_html_erb__2556583795906860086_70276955220300'


  Rendered /Users/jcohen/.rbenv/versions/2.1.5/lib/ruby/gems/2.1.0/gems/actionpack-4.1.8/lib/action_dispatch/middleware/templates/rescues/_trace.html.erb (0.9ms)
  Rendered /Users/jcohen/.rbenv/versions/2.1.5/lib/ruby/gems/2.1.0/gems/actionpack-4.1.8/lib/action_dispatch/middleware/templates/rescues/_request_and_response.html.erb (0.9ms)
  Rendered /Users/jcohen/.rbenv/versions/2.1.5/lib/ruby/gems/2.1.0/gems/actionpack-4.1.8/lib/action_dispatch/middleware/templates/rescues/template_error.html.erb within rescues/layout (8.9ms)


Started GET "/" for 127.0.0.1 at 2015-07-06 22:28:56 -0500
Processing by MoviesController#index as HTML
  Rendered movies/index.html.erb within layouts/application (0.6ms)
Completed 500 Internal Server Error in 3ms

ActionView::Template::Error (undefined method `[]' for #<Movie:0x007fd544c872a8>):
    2: 
    3:   <% @movies.each do |movie| %>
    4:     <li>
    5:       <%= link_to movie[:title], "/movies/details?id=#{movie[:id]}" %>
    6:       (<%= movie[:year] %>)
    7:     </li>
    8:   <% end %>
  app/views/movies/index.html.erb:5:in `block in _app_views_movies_index_html_erb__2556583795906860086_70276964959800'
  app/views/movies/index.html.erb:3:in `each'
  app/views/movies/index.html.erb:3:in `_app_views_movies_index_html_erb__2556583795906860086_70276964959800'


  Rendered /Users/jcohen/.rbenv/versions/2.1.5/lib/ruby/gems/2.1.0/gems/actionpack-4.1.8/lib/action_dispatch/middleware/templates/rescues/_trace.html.erb (1.3ms)
  Rendered /Users/jcohen/.rbenv/versions/2.1.5/lib/ruby/gems/2.1.0/gems/actionpack-4.1.8/lib/action_dispatch/middleware/templates/rescues/_request_and_response.html.erb (0.8ms)
  Rendered /Users/jcohen/.rbenv/versions/2.1.5/lib/ruby/gems/2.1.0/gems/actionpack-4.1.8/lib/action_dispatch/middleware/templates/rescues/template_error.html.erb within rescues/layout (9.4ms)


Started GET "/" for 127.0.0.1 at 2015-07-06 22:29:13 -0500
Processing by MoviesController#index as HTML
  Rendered movies/index.html.erb within layouts/application (0.8ms)
Completed 200 OK in 33ms (Views: 33.1ms | ActiveRecord: 0.0ms)


Started GET "/movies/details?id=1" for 127.0.0.1 at 2015-07-06 22:29:26 -0500
Processing by MoviesController#show as HTML
  Parameters: {"id"=>"1"}
  Rendered movies/show.html.erb within layouts/application (0.8ms)
Completed 200 OK in 1289ms (Views: 28.1ms | ActiveRecord: 0.0ms)


Started GET "/movies/details?id=2" for 127.0.0.1 at 2015-07-06 22:29:30 -0500
Processing by MoviesController#show as HTML
  Parameters: {"id"=>"2"}
  Rendered movies/show.html.erb within layouts/application (0.1ms)
Completed 200 OK in 723ms (Views: 25.9ms | ActiveRecord: 0.0ms)


Started GET "/movies/details?id=3" for 127.0.0.1 at 2015-07-06 22:29:40 -0500
Processing by MoviesController#show as HTML
  Parameters: {"id"=>"3"}
  Rendered movies/show.html.erb within layouts/application (0.2ms)
Completed 200 OK in 168ms (Views: 26.2ms | ActiveRecord: 0.0ms)


Started GET "/movies/details?id=4" for 127.0.0.1 at 2015-07-06 22:29:44 -0500
Processing by MoviesController#show as HTML
  Parameters: {"id"=>"4"}
  Rendered movies/show.html.erb within layouts/application (0.2ms)
Completed 200 OK in 168ms (Views: 29.0ms | ActiveRecord: 0.0ms)


Started GET "/" for 127.0.0.1 at 2015-07-06 22:31:57 -0500
Processing by MoviesController#index as HTML
  Rendered movies/index.html.erb within layouts/application (0.7ms)
Completed 200 OK in 28ms (Views: 26.2ms | ActiveRecord: 0.0ms)


Started GET "/movies/details?id=2" for 127.0.0.1 at 2015-07-06 22:31:58 -0500
Processing by MoviesController#show as HTML
  Parameters: {"id"=>"2"}
  Rendered movies/show.html.erb within layouts/application (0.3ms)
Completed 200 OK in 127ms (Views: 25.1ms | ActiveRecord: 0.0ms)


Started GET "/movies/details?id=2" for 127.0.0.1 at 2015-07-06 22:33:33 -0500
Processing by MoviesController#show as HTML
  Parameters: {"id"=>"2"}
  Rendered movies/show.html.erb within layouts/application (0.2ms)
Completed 200 OK in 185ms (Views: 25.4ms | ActiveRecord: 0.0ms)


Started GET "/" for 127.0.0.1 at 2015-07-06 22:35:23 -0500
Processing by MoviesController#index as HTML
  Rendered movies/index.html.erb within layouts/application (0.6ms)
Completed 200 OK in 25ms (Views: 23.9ms | ActiveRecord: 0.0ms)


Started GET "/movies/details?id=" for 127.0.0.1 at 2015-07-06 22:35:24 -0500
Processing by MoviesController#show as HTML
  Parameters: {"id"=>""}
  Rendered movies/show.html.erb within layouts/application (0.2ms)
Completed 200 OK in 249ms (Views: 25.0ms | ActiveRecord: 0.0ms)


Started GET "/movies/details?id=" for 127.0.0.1 at 2015-07-06 22:35:27 -0500
Processing by MoviesController#show as HTML
  Parameters: {"id"=>""}
  Rendered movies/show.html.erb within layouts/application (0.2ms)
Completed 200 OK in 210ms (Views: 24.2ms | ActiveRecord: 0.0ms)


Started GET "/movies/details?id=" for 127.0.0.1 at 2015-07-06 22:35:31 -0500
Processing by MoviesController#show as HTML
  Parameters: {"id"=>""}
  Rendered movies/show.html.erb within layouts/application (0.2ms)
Completed 200 OK in 138ms (Views: 24.9ms | ActiveRecord: 0.0ms)


Started GET "/movies/details?id=" for 127.0.0.1 at 2015-07-06 22:36:29 -0500
Processing by MoviesController#show as HTML
  Parameters: {"id"=>""}
  Rendered movies/show.html.erb within layouts/application (0.2ms)
Completed 200 OK in 183ms (Views: 27.3ms | ActiveRecord: 0.0ms)


Started GET "/" for 127.0.0.1 at 2015-07-06 22:36:30 -0500
Processing by MoviesController#index as HTML
  Rendered movies/index.html.erb within layouts/application (1.8ms)
Completed 500 Internal Server Error in 4ms

ActionView::Template::Error (undefined method `omdbkey' for #<Movie:0x007fd54170a328>):
    2: 
    3:   <% @movies.each do |movie| %>
    4:     <li>
    5:       <%= link_to movie.title, "/movies/details?id=#{movie.omdbkey}" %>
    6:       (<%= movie.year %>)
    7:     </li>
    8:   <% end %>
  app/views/movies/index.html.erb:5:in `block in _app_views_movies_index_html_erb__2556583795906860086_70276951310940'
  app/views/movies/index.html.erb:3:in `each'
  app/views/movies/index.html.erb:3:in `_app_views_movies_index_html_erb__2556583795906860086_70276951310940'


  Rendered /Users/jcohen/.rbenv/versions/2.1.5/lib/ruby/gems/2.1.0/gems/actionpack-4.1.8/lib/action_dispatch/middleware/templates/rescues/_trace.html.erb (1.4ms)
  Rendered /Users/jcohen/.rbenv/versions/2.1.5/lib/ruby/gems/2.1.0/gems/actionpack-4.1.8/lib/action_dispatch/middleware/templates/rescues/_request_and_response.html.erb (0.8ms)
  Rendered /Users/jcohen/.rbenv/versions/2.1.5/lib/ruby/gems/2.1.0/gems/actionpack-4.1.8/lib/action_dispatch/middleware/templates/rescues/template_error.html.erb within rescues/layout (12.1ms)


Started GET "/" for 127.0.0.1 at 2015-07-06 22:36:30 -0500
Processing by MoviesController#index as HTML
  Rendered movies/index.html.erb within layouts/application (0.9ms)
Completed 500 Internal Server Error in 3ms

ActionView::Template::Error (undefined method `omdbkey' for #<Movie:0x007fd5469fc068>):
    2: 
    3:   <% @movies.each do |movie| %>
    4:     <li>
    5:       <%= link_to movie.title, "/movies/details?id=#{movie.omdbkey}" %>
    6:       (<%= movie.year %>)
    7:     </li>
    8:   <% end %>
  app/views/movies/index.html.erb:5:in `block in _app_views_movies_index_html_erb__2556583795906860086_70276994805060'
  app/views/movies/index.html.erb:3:in `each'
  app/views/movies/index.html.erb:3:in `_app_views_movies_index_html_erb__2556583795906860086_70276994805060'


  Rendered /Users/jcohen/.rbenv/versions/2.1.5/lib/ruby/gems/2.1.0/gems/actionpack-4.1.8/lib/action_dispatch/middleware/templates/rescues/_trace.html.erb (0.9ms)
  Rendered /Users/jcohen/.rbenv/versions/2.1.5/lib/ruby/gems/2.1.0/gems/actionpack-4.1.8/lib/action_dispatch/middleware/templates/rescues/_request_and_response.html.erb (0.7ms)
  Rendered /Users/jcohen/.rbenv/versions/2.1.5/lib/ruby/gems/2.1.0/gems/actionpack-4.1.8/lib/action_dispatch/middleware/templates/rescues/template_error.html.erb within rescues/layout (8.6ms)


Started GET "/" for 127.0.0.1 at 2015-07-06 22:36:37 -0500
Processing by MoviesController#index as HTML
  Rendered movies/index.html.erb within layouts/application (0.9ms)
Completed 200 OK in 25ms (Views: 24.7ms | ActiveRecord: 0.0ms)


Started GET "/movies/details?id=tt0162222" for 127.0.0.1 at 2015-07-06 22:36:38 -0500
Processing by MoviesController#show as HTML
  Parameters: {"id"=>"tt0162222"}
  Rendered movies/show.html.erb within layouts/application (0.2ms)
Completed 200 OK in 6949ms (Views: 24.6ms | ActiveRecord: 0.0ms)


Started GET "/movies/details?id=tt0162222" for 127.0.0.1 at 2015-07-06 22:36:45 -0500
Processing by MoviesController#show as HTML
  Parameters: {"id"=>"tt0162222"}
  Rendered movies/show.html.erb within layouts/application (0.4ms)
Completed 200 OK in 16968ms (Views: 30.3ms | ActiveRecord: 0.0ms)


Started GET "/movies/details?id=tt0162222" for 127.0.0.1 at 2015-07-06 22:37:09 -0500
Processing by MoviesController#show as HTML
  Parameters: {"id"=>"tt0162222"}
  Rendered movies/show.html.erb within layouts/application (0.2ms)
Completed 200 OK in 851ms (Views: 26.9ms | ActiveRecord: 0.0ms)


Started GET "/" for 127.0.0.1 at 2015-07-06 22:37:12 -0500
Processing by MoviesController#index as HTML
  Rendered movies/index.html.erb within layouts/application (0.6ms)
Completed 200 OK in 26ms (Views: 25.5ms | ActiveRecord: 0.0ms)


Started GET "/movies/details?id=tt0076759" for 127.0.0.1 at 2015-07-06 22:37:13 -0500
Processing by MoviesController#show as HTML
  Parameters: {"id"=>"tt0076759"}
  Rendered movies/show.html.erb within layouts/application (0.2ms)
Completed 200 OK in 356ms (Views: 31.6ms | ActiveRecord: 0.0ms)


Started GET "/" for 127.0.0.1 at 2015-07-06 22:37:17 -0500
Processing by MoviesController#index as HTML
  Rendered movies/index.html.erb within layouts/application (0.3ms)
Completed 200 OK in 34ms (Views: 33.6ms | ActiveRecord: 0.0ms)


Started GET "/movies/details?id=tt0162222" for 127.0.0.1 at 2015-07-06 22:37:18 -0500
Processing by MoviesController#show as HTML
  Parameters: {"id"=>"tt0162222"}
  Rendered movies/show.html.erb within layouts/application (0.2ms)
Completed 200 OK in 137ms (Views: 24.5ms | ActiveRecord: 0.0ms)


Started GET "/" for 127.0.0.1 at 2015-07-06 22:37:19 -0500
Processing by MoviesController#index as HTML
  Rendered movies/index.html.erb within layouts/application (0.2ms)
Completed 200 OK in 29ms (Views: 28.6ms | ActiveRecord: 0.0ms)


Started GET "/movies/details?id=tt0114709" for 127.0.0.1 at 2015-07-06 22:37:21 -0500
Processing by MoviesController#show as HTML
  Parameters: {"id"=>"tt0114709"}
  Rendered movies/show.html.erb within layouts/application (0.2ms)
Completed 200 OK in 403ms (Views: 27.4ms | ActiveRecord: 0.0ms)


Started GET "/movies/details?id=tt0114709" for 127.0.0.1 at 2015-07-06 22:38:02 -0500
Processing by MoviesController#show as HTML
  Parameters: {"id"=>"tt0114709"}
  Rendered movies/show.html.erb within layouts/application (0.4ms)
Completed 200 OK in 133ms (Views: 26.5ms | ActiveRecord: 0.0ms)


Started GET "/movies/details?id=tt0114709" for 127.0.0.1 at 2015-07-06 22:40:53 -0500
Processing by MoviesController#show as HTML
  Parameters: {"id"=>"tt0114709"}
  Rendered movies/show.html.erb within layouts/application (0.6ms)
Completed 200 OK in 4662ms (Views: 37.9ms | ActiveRecord: 0.0ms)


Started GET "/movies/details?id=tt0114709" for 127.0.0.1 at 2015-07-06 22:41:09 -0500
Processing by MoviesController#show as HTML
  Parameters: {"id"=>"tt0114709"}
  Rendered movies/show.html.erb within layouts/application (0.2ms)
Completed 200 OK in 203ms (Views: 31.3ms | ActiveRecord: 0.0ms)


Started GET "/movies/details?id=tt0114709" for 127.0.0.1 at 2015-07-06 22:41:22 -0500
Processing by MoviesController#show as HTML
  Parameters: {"id"=>"tt0114709"}
  Rendered movies/show.html.erb within layouts/application (0.2ms)
Completed 200 OK in 238ms (Views: 31.5ms | ActiveRecord: 0.0ms)


Started GET "/movies/details?id=tt0114709" for 127.0.0.1 at 2015-07-06 22:41:35 -0500
Processing by MoviesController#show as HTML
  Parameters: {"id"=>"tt0114709"}
  Rendered movies/show.html.erb within layouts/application (0.2ms)
Completed 200 OK in 250ms (Views: 33.4ms | ActiveRecord: 0.0ms)


Started GET "/movies/details?id=tt0114709" for 127.0.0.1 at 2015-07-06 22:41:56 -0500
Processing by MoviesController#show as HTML
  Parameters: {"id"=>"tt0114709"}
  Rendered movies/show.html.erb within layouts/application (0.2ms)
Completed 200 OK in 296ms (Views: 32.0ms | ActiveRecord: 0.0ms)


Started GET "/" for 127.0.0.1 at 2015-07-06 23:03:11 -0500
Processing by MoviesController#index as HTML
  Rendered movies/index.html.erb within layouts/application (1.9ms)
Completed 200 OK in 56ms (Views: 46.4ms | ActiveRecord: 0.0ms)


Started GET "/" for 127.0.0.1 at 2015-07-06 23:03:49 -0500
Processing by MoviesController#index as HTML
  Rendered movies/index.html.erb within layouts/application (1.1ms)
Completed 200 OK in 52ms (Views: 43.4ms | ActiveRecord: 0.0ms)


Started GET "/" for 127.0.0.1 at 2015-07-06 23:05:24 -0500
Processing by MoviesController#index as HTML
  Rendered movies/index.html.erb within layouts/application (0.3ms)
Completed 200 OK in 31ms (Views: 30.8ms | ActiveRecord: 0.0ms)


Started GET "/" for 127.0.0.1 at 2015-07-06 23:06:18 -0500
Processing by MoviesController#index as HTML
  Rendered movies/index.html.erb within layouts/application (0.3ms)
Completed 200 OK in 36ms (Views: 35.0ms | ActiveRecord: 0.0ms)


Started GET "/" for 127.0.0.1 at 2015-07-06 23:06:24 -0500
Processing by MoviesController#index as HTML
  Rendered movies/index.html.erb within layouts/application (0.3ms)
Completed 200 OK in 29ms (Views: 28.8ms | ActiveRecord: 0.0ms)


Started GET "/" for 127.0.0.1 at 2015-07-06 23:06:28 -0500
Processing by MoviesController#index as HTML
  Rendered movies/index.html.erb within layouts/application (0.3ms)
Completed 200 OK in 30ms (Views: 29.3ms | ActiveRecord: 0.0ms)


Started GET "/" for 127.0.0.1 at 2015-07-06 23:06:31 -0500
Processing by MoviesController#index as HTML
  Rendered movies/index.html.erb within layouts/application (0.2ms)
Completed 200 OK in 27ms (Views: 26.5ms | ActiveRecord: 0.0ms)


Started GET "/" for 127.0.0.1 at 2015-07-06 23:06:34 -0500
Processing by MoviesController#index as HTML
  Rendered movies/index.html.erb within layouts/application (0.2ms)
Completed 200 OK in 36ms (Views: 35.9ms | ActiveRecord: 0.0ms)


Started GET "/" for 127.0.0.1 at 2015-07-06 23:06:37 -0500
Processing by MoviesController#index as HTML
  Rendered movies/index.html.erb within layouts/application (0.3ms)
Completed 200 OK in 29ms (Views: 28.2ms | ActiveRecord: 0.0ms)


Started GET "/" for 127.0.0.1 at 2015-07-06 23:07:21 -0500
Processing by MoviesController#index as HTML
  Rendered movies/index.html.erb within layouts/application (0.9ms)
Completed 200 OK in 27ms (Views: 26.6ms | ActiveRecord: 0.0ms)


Started GET "/" for 127.0.0.1 at 2015-07-06 23:07:35 -0500
Processing by MoviesController#index as HTML
  Rendered movies/index.html.erb within layouts/application (0.6ms)
Completed 200 OK in 25ms (Views: 24.3ms | ActiveRecord: 0.0ms)


Started GET "/" for 127.0.0.1 at 2015-07-06 23:07:51 -0500
Processing by MoviesController#index as HTML
  Rendered movies/index.html.erb within layouts/application (0.3ms)
Completed 200 OK in 31ms (Views: 30.4ms | ActiveRecord: 0.0ms)


Started GET "/movies/details?id=tt0112384" for 127.0.0.1 at 2015-07-06 23:07:54 -0500
Processing by MoviesController#show as HTML
  Parameters: {"id"=>"tt0112384"}
Completed 500 Internal Server Error in 848ms

NoMethodError (undefined method `plot=' for #<Movie:0x007fc725151e10>):
  app/models/movie.rb:22:in `download_details'
  app/controllers/movies_controller.rb:9:in `show'


  Rendered /Users/jcohen/.rbenv/versions/2.1.5/lib/ruby/gems/2.1.0/gems/actionpack-4.1.8/lib/action_dispatch/middleware/templates/rescues/_source.erb (0.6ms)
  Rendered /Users/jcohen/.rbenv/versions/2.1.5/lib/ruby/gems/2.1.0/gems/actionpack-4.1.8/lib/action_dispatch/middleware/templates/rescues/_trace.html.erb (1.2ms)
  Rendered /Users/jcohen/.rbenv/versions/2.1.5/lib/ruby/gems/2.1.0/gems/actionpack-4.1.8/lib/action_dispatch/middleware/templates/rescues/_request_and_response.html.erb (0.9ms)
  Rendered /Users/jcohen/.rbenv/versions/2.1.5/lib/ruby/gems/2.1.0/gems/actionpack-4.1.8/lib/action_dispatch/middleware/templates/rescues/diagnostics.erb within rescues/layout (16.9ms)


Started GET "/movies/details?id=tt0112384" for 127.0.0.1 at 2015-07-06 23:07:55 -0500
Processing by MoviesController#show as HTML
  Parameters: {"id"=>"tt0112384"}
Completed 500 Internal Server Error in 5342ms

NoMethodError (undefined method `plot=' for #<Movie:0x007fc722497488>):
  app/models/movie.rb:22:in `download_details'
  app/controllers/movies_controller.rb:9:in `show'


  Rendered /Users/jcohen/.rbenv/versions/2.1.5/lib/ruby/gems/2.1.0/gems/actionpack-4.1.8/lib/action_dispatch/middleware/templates/rescues/_source.erb (0.6ms)
  Rendered /Users/jcohen/.rbenv/versions/2.1.5/lib/ruby/gems/2.1.0/gems/actionpack-4.1.8/lib/action_dispatch/middleware/templates/rescues/_trace.html.erb (1.3ms)
  Rendered /Users/jcohen/.rbenv/versions/2.1.5/lib/ruby/gems/2.1.0/gems/actionpack-4.1.8/lib/action_dispatch/middleware/templates/rescues/_request_and_response.html.erb (1.1ms)
  Rendered /Users/jcohen/.rbenv/versions/2.1.5/lib/ruby/gems/2.1.0/gems/actionpack-4.1.8/lib/action_dispatch/middleware/templates/rescues/diagnostics.erb within rescues/layout (15.3ms)


Started GET "/movies/details?id=tt0112384" for 127.0.0.1 at 2015-07-06 23:08:14 -0500
Processing by MoviesController#show as HTML
  Parameters: {"id"=>"tt0112384"}
  Rendered movies/show.html.erb within layouts/application (0.6ms)
Completed 200 OK in 27864ms (Views: 28.3ms | ActiveRecord: 0.0ms)


Started GET "/movies/details?id=tt0112384" for 127.0.0.1 at 2015-07-06 23:08:47 -0500
Processing by MoviesController#show as HTML
  Parameters: {"id"=>"tt0112384"}
  Rendered movies/show.html.erb within layouts/application (1.3ms)
Completed 200 OK in 1115ms (Views: 39.6ms | ActiveRecord: 0.0ms)


Started GET "/movies/details?id=tt0112384" for 127.0.0.1 at 2015-07-06 23:09:12 -0500
Processing by MoviesController#show as HTML
  Parameters: {"id"=>"tt0112384"}
  Rendered movies/show.html.erb within layouts/application (0.6ms)
Completed 200 OK in 147ms (Views: 29.3ms | ActiveRecord: 0.0ms)


Started GET "/" for 127.0.0.1 at 2015-07-06 23:10:54 -0500
Processing by MoviesController#index as HTML
  Rendered movies/index.html.erb within layouts/application (1.1ms)
Completed 200 OK in 28ms (Views: 27.0ms | ActiveRecord: 0.0ms)


Started GET "/" for 127.0.0.1 at 2015-07-06 23:15:35 -0500
Processing by MoviesController#index as HTML
  Rendered movies/index.html.erb within layouts/application (0.7ms)
Completed 200 OK in 32ms (Views: 31.2ms | ActiveRecord: 0.0ms)


Started GET "/movies/details?id=tt0076759" for 127.0.0.1 at 2015-07-06 23:15:40 -0500
Processing by MoviesController#show as HTML
  Parameters: {"id"=>"tt0076759"}
  Rendered movies/show.html.erb within layouts/application (0.8ms)
Completed 200 OK in 512ms (Views: 30.5ms | ActiveRecord: 0.0ms)


Started GET "/movies/details?id=tt0112384" for 127.0.0.1 at 2015-07-06 23:15:48 -0500
Processing by MoviesController#show as HTML
  Parameters: {"id"=>"tt0112384"}
  Rendered movies/show.html.erb within layouts/application (0.2ms)
Completed 200 OK in 164ms (Views: 24.1ms | ActiveRecord: 0.0ms)


Started GET "/" for 127.0.0.1 at 2015-07-07 17:34:48 -0500
Processing by MoviesController#index as HTML
  Rendered movies/index.html.erb within layouts/application (5.2ms)
Completed 200 OK in 1586ms (Views: 1568.9ms | ActiveRecord: 0.0ms)


Started GET "/" for 127.0.0.1 at 2015-07-07 17:38:51 -0500
Processing by MoviesController#index as HTML
  Rendered movies/index.html.erb within layouts/application (0.9ms)
Completed 200 OK in 33ms (Views: 32.1ms | ActiveRecord: 0.0ms)


Started GET "/" for 127.0.0.1 at 2015-07-07 17:38:52 -0500
Processing by MoviesController#index as HTML
  Rendered movies/index.html.erb within layouts/application (0.3ms)
Completed 200 OK in 41ms (Views: 40.1ms | ActiveRecord: 0.0ms)


Started GET "/movies/details?id=tt0112384" for 127.0.0.1 at 2015-07-07 19:02:59 -0500
Processing by MoviesController#show as HTML
  Parameters: {"id"=>"tt0112384"}
  Rendered movies/show.html.erb within layouts/application (6.8ms)
Completed 200 OK in 1562ms (Views: 105.0ms | ActiveRecord: 0.0ms)
